[debug] [2023-11-07T10:48:55.516Z] ----------------------------------------------------------------------
[debug] [2023-11-07T10:48:55.516Z] Command:       /Users/gab/.nvm/versions/node/v18.16.1/bin/node /opt/homebrew/bin/firebase deploy
[debug] [2023-11-07T10:48:55.517Z] CLI Version:   12.6.1
[debug] [2023-11-07T10:48:55.517Z] Platform:      darwin
[debug] [2023-11-07T10:48:55.517Z] Node Version:  v18.16.1
[debug] [2023-11-07T10:48:55.518Z] Time:          Tue Nov 07 2023 18:48:55 GMT+0800 (Philippine Standard Time)
[debug] [2023-11-07T10:48:55.518Z] ----------------------------------------------------------------------
[debug] 
[debug] [2023-11-07T10:48:55.550Z] > command requires scopes: ["email","openid","https://www.googleapis.com/auth/cloudplatformprojects.readonly","https://www.googleapis.com/auth/firebase","https://www.googleapis.com/auth/cloud-platform"]
[debug] [2023-11-07T10:48:55.550Z] > authorizing via signed-in user (gcamba08@gmail.com)
[debug] [2023-11-07T10:48:55.550Z] [iam] checking project gabmeiutangtrack for permissions ["firebase.projects.get","firebasehosting.sites.update"]
[debug] [2023-11-07T10:48:55.551Z] >>> [apiv2][query] POST https://cloudresourcemanager.googleapis.com/v1/projects/gabmeiutangtrack:testIamPermissions [none]
[debug] [2023-11-07T10:48:55.551Z] >>> [apiv2][(partial)header] POST https://cloudresourcemanager.googleapis.com/v1/projects/gabmeiutangtrack:testIamPermissions x-goog-quota-user=projects/gabmeiutangtrack
[debug] [2023-11-07T10:48:55.551Z] >>> [apiv2][body] POST https://cloudresourcemanager.googleapis.com/v1/projects/gabmeiutangtrack:testIamPermissions {"permissions":["firebase.projects.get","firebasehosting.sites.update"]}
[debug] [2023-11-07T10:48:57.647Z] <<< [apiv2][status] POST https://cloudresourcemanager.googleapis.com/v1/projects/gabmeiutangtrack:testIamPermissions 200
[debug] [2023-11-07T10:48:57.647Z] <<< [apiv2][body] POST https://cloudresourcemanager.googleapis.com/v1/projects/gabmeiutangtrack:testIamPermissions {"permissions":["firebase.projects.get","firebasehosting.sites.update"]}
[debug] [2023-11-07T10:48:57.649Z] >>> [apiv2][query] GET https://firebase.googleapis.com/v1beta1/projects/gabmeiutangtrack [none]
[debug] [2023-11-07T10:48:58.078Z] <<< [apiv2][status] GET https://firebase.googleapis.com/v1beta1/projects/gabmeiutangtrack 200
[debug] [2023-11-07T10:48:58.078Z] <<< [apiv2][body] GET https://firebase.googleapis.com/v1beta1/projects/gabmeiutangtrack {"projectId":"gabmeiutangtrack","projectNumber":"281228300923","displayName":"gabmeiutangtrack","name":"projects/gabmeiutangtrack","resources":{"hostingSite":"gabmeiutangtrack","realtimeDatabaseInstance":"gabmeiutangtrack-default-rtdb"},"state":"ACTIVE","etag":"1_bde13b55-9fa3-4750-be67-c3f30ca0f0f3"}
[info] 
[info] === Deploying to 'gabmeiutangtrack'...
[info] 
[info] i  deploying hosting 
[debug] [2023-11-07T10:48:58.085Z] >>> [apiv2][query] POST https://firebasehosting.googleapis.com/v1beta1/projects/-/sites/gabmeiutangtrack/versions [none]
[debug] [2023-11-07T10:48:58.085Z] >>> [apiv2][body] POST https://firebasehosting.googleapis.com/v1beta1/projects/-/sites/gabmeiutangtrack/versions {"status":"CREATED","labels":{"deployment-tool":"cli-firebase"}}
[debug] [2023-11-07T10:48:59.163Z] <<< [apiv2][status] POST https://firebasehosting.googleapis.com/v1beta1/projects/-/sites/gabmeiutangtrack/versions 200
[debug] [2023-11-07T10:48:59.163Z] <<< [apiv2][body] POST https://firebasehosting.googleapis.com/v1beta1/projects/-/sites/gabmeiutangtrack/versions {"name":"projects/281228300923/sites/gabmeiutangtrack/versions/08d32f25ba16f5af","status":"CREATED","config":{},"labels":{"deployment-tool":"cli-firebase"}}
[info] i  hosting[gabmeiutangtrack]: beginning deploy... 
[info] i  hosting[gabmeiutangtrack]: found 19 files in build 
[debug] [2023-11-07T10:48:59.177Z] [hosting] uploading with 200 concurrency
[debug] [2023-11-07T10:48:59.508Z] [hosting] hash cache [YnVpbGQ] stored for 19 files
[debug] [2023-11-07T10:48:59.508Z] [hosting][hash queue][FINAL] {"max":321,"min":18,"avg":53.473684210526315,"active":0,"complete":19,"success":19,"errored":0,"retried":0,"total":19,"elapsed":327}
[debug] [2023-11-07T10:48:59.509Z] >>> [apiv2][query] POST https://firebasehosting.googleapis.com/v1beta1/projects/281228300923/sites/gabmeiutangtrack/versions/08d32f25ba16f5af:populateFiles [none]
[debug] [2023-11-07T10:48:59.509Z] >>> [apiv2][body] POST https://firebasehosting.googleapis.com/v1beta1/projects/281228300923/sites/gabmeiutangtrack/versions/08d32f25ba16f5af:populateFiles {"files":{"/asset-manifest.json":"083ca96ad9ff783948a3ab5be33dfb881363c9b621c6ca3e593c78223d2fbeb3","/index.html":"d8021706e6b703b062c5362f08e38e958a3cbc7aece491c9fcb3b4bcfbcfb511","/robots.txt":"391d14b3c2f8c9143a27a28c7399585142228d4d1bdbe2c87ac946de411fa9a2","/static/css/main.e713733f.css":"2b4e8c0792d9aed2eec852b9dcfd3bbfa93210b5f2159ea5f12727a9832de7e8","/static/js/845.e3fe4d7c.chunk.js.LICENSE.txt":"f9a4db731e367717c01e7fbe577c43b1742849467bab43868fee284786fb7a80","/static/css/main.e713733f.css.map":"b2da9baafe6e1ae51a3ed0218c79a3d3e0d1eb9112b0cd9bc9657ea74bd70516","/static/js/845.e3fe4d7c.chunk.js":"4af7ef6bf8c9634b1fdf3da57b46d92c63888ca106bc62829e58cd4258c4797a","/static/js/main.e4272d7a.js.LICENSE.txt":"119509b39bcb9934d87c20b37d4ec9070b99b26aa18e5a8beeed10b6af362993","/manifest.json":"992f096180bc41ae534025304ef7c0543829067e8029607e76d976b788857baa","/static/media/edit.c34fec0daff19e7e2d58.wav":"d301972dda201a279fe3796e6c261bc47810b4fc5586ff05f2c776f7ca7ce319","/static/js/845.e3fe4d7c.chunk.js.map":"ce4236ebc0c99078ec834b6784a6bb0c7e6174e6b25fa72dadad6037f2447fb0","/static/media/pop.dfe9157d06fc1e890cc3.wav":"9e3c45582c5ba717cf03dfa917db24a4113d6a4ba55b5f334c304d8bac4dfe7f","/favicon.ico":"1aafe2acbb35db010f38fa2fc4526f66903af22a7f7866ee6e58467a74387799","/static/media/success.de4524d32e1041f2a180.wav":"54f1f88098442fc9f5cfef18591e158fe999a0afdaa9fb9b77e417ebfe51dea9","/C&S.png":"1980d19b943bb57bcb92ffb3ed6544476d85517183a7ff347caa17081f365cfc","/static/media/C&S.bac9667ab0c213acbb67.png":"1980d19b943bb57bcb92ffb3ed6544476d85517183a7ff347caa17081f365cfc","/static/js/main.e4272d7a.js":"aa2d5778739545ad3373f3f17311a89e72bac89291c204ff93ca61dbbd874562","/static/media/error.39d34e25d9d15943ffc7.wav":"f25fb0645f0cec98b299fcbba25f606190f2534270f87f433bddbfe691117d8f","/static/js/main.e4272d7a.js.map":"f05d186c64604bbcba7cfd6c2206453a14bc3fc165e30509c4e96b05880e2719"}}
[debug] [2023-11-07T10:49:00.449Z] <<< [apiv2][status] POST https://firebasehosting.googleapis.com/v1beta1/projects/281228300923/sites/gabmeiutangtrack/versions/08d32f25ba16f5af:populateFiles 200
[debug] [2023-11-07T10:49:00.449Z] <<< [apiv2][body] POST https://firebasehosting.googleapis.com/v1beta1/projects/281228300923/sites/gabmeiutangtrack/versions/08d32f25ba16f5af:populateFiles {"uploadRequiredHashes":["083ca96ad9ff783948a3ab5be33dfb881363c9b621c6ca3e593c78223d2fbeb3","d8021706e6b703b062c5362f08e38e958a3cbc7aece491c9fcb3b4bcfbcfb511","b2da9baafe6e1ae51a3ed0218c79a3d3e0d1eb9112b0cd9bc9657ea74bd70516","aa2d5778739545ad3373f3f17311a89e72bac89291c204ff93ca61dbbd874562","f05d186c64604bbcba7cfd6c2206453a14bc3fc165e30509c4e96b05880e2719","2b4e8c0792d9aed2eec852b9dcfd3bbfa93210b5f2159ea5f12727a9832de7e8"],"uploadUrl":"https://upload-firebasehosting.googleapis.com/upload/sites/gabmeiutangtrack/versions/08d32f25ba16f5af/files"}
[debug] [2023-11-07T10:49:00.450Z] >>> [apiv2][query] POST https://upload-firebasehosting.googleapis.com/upload/sites/gabmeiutangtrack/versions/08d32f25ba16f5af/files/083ca96ad9ff783948a3ab5be33dfb881363c9b621c6ca3e593c78223d2fbeb3 [none]
[debug] [2023-11-07T10:49:00.450Z] >>> [apiv2][body] POST https://upload-firebasehosting.googleapis.com/upload/sites/gabmeiutangtrack/versions/08d32f25ba16f5af/files/083ca96ad9ff783948a3ab5be33dfb881363c9b621c6ca3e593c78223d2fbeb3 [stream]
[debug] [2023-11-07T10:49:00.451Z] >>> [apiv2][query] POST https://upload-firebasehosting.googleapis.com/upload/sites/gabmeiutangtrack/versions/08d32f25ba16f5af/files/d8021706e6b703b062c5362f08e38e958a3cbc7aece491c9fcb3b4bcfbcfb511 [none]
[debug] [2023-11-07T10:49:00.451Z] >>> [apiv2][body] POST https://upload-firebasehosting.googleapis.com/upload/sites/gabmeiutangtrack/versions/08d32f25ba16f5af/files/d8021706e6b703b062c5362f08e38e958a3cbc7aece491c9fcb3b4bcfbcfb511 [stream]
[debug] [2023-11-07T10:49:00.452Z] >>> [apiv2][query] POST https://upload-firebasehosting.googleapis.com/upload/sites/gabmeiutangtrack/versions/08d32f25ba16f5af/files/b2da9baafe6e1ae51a3ed0218c79a3d3e0d1eb9112b0cd9bc9657ea74bd70516 [none]
[debug] [2023-11-07T10:49:00.452Z] >>> [apiv2][body] POST https://upload-firebasehosting.googleapis.com/upload/sites/gabmeiutangtrack/versions/08d32f25ba16f5af/files/b2da9baafe6e1ae51a3ed0218c79a3d3e0d1eb9112b0cd9bc9657ea74bd70516 [stream]
[debug] [2023-11-07T10:49:00.452Z] >>> [apiv2][query] POST https://upload-firebasehosting.googleapis.com/upload/sites/gabmeiutangtrack/versions/08d32f25ba16f5af/files/aa2d5778739545ad3373f3f17311a89e72bac89291c204ff93ca61dbbd874562 [none]
[debug] [2023-11-07T10:49:00.452Z] >>> [apiv2][body] POST https://upload-firebasehosting.googleapis.com/upload/sites/gabmeiutangtrack/versions/08d32f25ba16f5af/files/aa2d5778739545ad3373f3f17311a89e72bac89291c204ff93ca61dbbd874562 [stream]
[debug] [2023-11-07T10:49:00.453Z] >>> [apiv2][query] POST https://upload-firebasehosting.googleapis.com/upload/sites/gabmeiutangtrack/versions/08d32f25ba16f5af/files/f05d186c64604bbcba7cfd6c2206453a14bc3fc165e30509c4e96b05880e2719 [none]
[debug] [2023-11-07T10:49:00.453Z] >>> [apiv2][body] POST https://upload-firebasehosting.googleapis.com/upload/sites/gabmeiutangtrack/versions/08d32f25ba16f5af/files/f05d186c64604bbcba7cfd6c2206453a14bc3fc165e30509c4e96b05880e2719 [stream]
[debug] [2023-11-07T10:49:00.454Z] >>> [apiv2][query] POST https://upload-firebasehosting.googleapis.com/upload/sites/gabmeiutangtrack/versions/08d32f25ba16f5af/files/2b4e8c0792d9aed2eec852b9dcfd3bbfa93210b5f2159ea5f12727a9832de7e8 [none]
[debug] [2023-11-07T10:49:00.454Z] >>> [apiv2][body] POST https://upload-firebasehosting.googleapis.com/upload/sites/gabmeiutangtrack/versions/08d32f25ba16f5af/files/2b4e8c0792d9aed2eec852b9dcfd3bbfa93210b5f2159ea5f12727a9832de7e8 [stream]
[debug] [2023-11-07T10:49:00.455Z] [hosting][populate queue][FINAL] {"max":944,"min":944,"avg":944,"active":0,"complete":1,"success":1,"errored":0,"retried":0,"total":1,"elapsed":949}
[debug] [2023-11-07T10:49:00.455Z] [hosting] uploads queued: 6
[debug] [2023-11-07T10:49:01.576Z] <<< [apiv2][status] POST https://upload-firebasehosting.googleapis.com/upload/sites/gabmeiutangtrack/versions/08d32f25ba16f5af/files/b2da9baafe6e1ae51a3ed0218c79a3d3e0d1eb9112b0cd9bc9657ea74bd70516 200
[debug] [2023-11-07T10:49:01.577Z] <<< [apiv2][body] POST https://upload-firebasehosting.googleapis.com/upload/sites/gabmeiutangtrack/versions/08d32f25ba16f5af/files/b2da9baafe6e1ae51a3ed0218c79a3d3e0d1eb9112b0cd9bc9657ea74bd70516 [stream]
[debug] [2023-11-07T10:49:01.681Z] <<< [apiv2][status] POST https://upload-firebasehosting.googleapis.com/upload/sites/gabmeiutangtrack/versions/08d32f25ba16f5af/files/d8021706e6b703b062c5362f08e38e958a3cbc7aece491c9fcb3b4bcfbcfb511 200
[debug] [2023-11-07T10:49:01.682Z] <<< [apiv2][body] POST https://upload-firebasehosting.googleapis.com/upload/sites/gabmeiutangtrack/versions/08d32f25ba16f5af/files/d8021706e6b703b062c5362f08e38e958a3cbc7aece491c9fcb3b4bcfbcfb511 [stream]
[debug] [2023-11-07T10:49:01.692Z] <<< [apiv2][status] POST https://upload-firebasehosting.googleapis.com/upload/sites/gabmeiutangtrack/versions/08d32f25ba16f5af/files/2b4e8c0792d9aed2eec852b9dcfd3bbfa93210b5f2159ea5f12727a9832de7e8 200
[debug] [2023-11-07T10:49:01.693Z] <<< [apiv2][body] POST https://upload-firebasehosting.googleapis.com/upload/sites/gabmeiutangtrack/versions/08d32f25ba16f5af/files/2b4e8c0792d9aed2eec852b9dcfd3bbfa93210b5f2159ea5f12727a9832de7e8 [stream]
[debug] [2023-11-07T10:49:01.775Z] <<< [apiv2][status] POST https://upload-firebasehosting.googleapis.com/upload/sites/gabmeiutangtrack/versions/08d32f25ba16f5af/files/083ca96ad9ff783948a3ab5be33dfb881363c9b621c6ca3e593c78223d2fbeb3 200
[debug] [2023-11-07T10:49:01.776Z] <<< [apiv2][body] POST https://upload-firebasehosting.googleapis.com/upload/sites/gabmeiutangtrack/versions/08d32f25ba16f5af/files/083ca96ad9ff783948a3ab5be33dfb881363c9b621c6ca3e593c78223d2fbeb3 [stream]
[debug] [2023-11-07T10:49:01.905Z] <<< [apiv2][status] POST https://upload-firebasehosting.googleapis.com/upload/sites/gabmeiutangtrack/versions/08d32f25ba16f5af/files/f05d186c64604bbcba7cfd6c2206453a14bc3fc165e30509c4e96b05880e2719 200
[debug] [2023-11-07T10:49:01.905Z] <<< [apiv2][body] POST https://upload-firebasehosting.googleapis.com/upload/sites/gabmeiutangtrack/versions/08d32f25ba16f5af/files/f05d186c64604bbcba7cfd6c2206453a14bc3fc165e30509c4e96b05880e2719 [stream]
[debug] [2023-11-07T10:49:02.024Z] <<< [apiv2][status] POST https://upload-firebasehosting.googleapis.com/upload/sites/gabmeiutangtrack/versions/08d32f25ba16f5af/files/aa2d5778739545ad3373f3f17311a89e72bac89291c204ff93ca61dbbd874562 200
[debug] [2023-11-07T10:49:02.024Z] <<< [apiv2][body] POST https://upload-firebasehosting.googleapis.com/upload/sites/gabmeiutangtrack/versions/08d32f25ba16f5af/files/aa2d5778739545ad3373f3f17311a89e72bac89291c204ff93ca61dbbd874562 [stream]
[debug] [2023-11-07T10:49:02.025Z] [hosting][upload queue][FINAL] {"max":1574,"min":1127,"avg":1326.3333333333333,"active":0,"complete":6,"success":6,"errored":0,"retried":0,"total":6,"elapsed":1576}
[info] ✔  hosting[gabmeiutangtrack]: file upload complete 
[debug] [2023-11-07T10:49:02.026Z] [hosting] deploy completed after 2860ms
[debug] [2023-11-07T10:49:02.026Z] [
  {
    "config": {
      "public": "build",
      "ignore": [
        "firebase.json",
        "**/.*",
        "**/node_modules/**"
      ],
      "rewrites": [
        {
          "source": "**",
          "destination": "/index.html"
        }
      ],
      "site": "gabmeiutangtrack"
    },
    "version": "projects/281228300923/sites/gabmeiutangtrack/versions/08d32f25ba16f5af"
  }
]
[info] i  hosting[gabmeiutangtrack]: finalizing version... 
[debug] [2023-11-07T10:49:02.030Z] >>> [apiv2][query] PATCH https://firebasehosting.googleapis.com/v1beta1/projects/-/sites/gabmeiutangtrack/versions/08d32f25ba16f5af updateMask=status%2Cconfig
[debug] [2023-11-07T10:49:02.030Z] >>> [apiv2][body] PATCH https://firebasehosting.googleapis.com/v1beta1/projects/-/sites/gabmeiutangtrack/versions/08d32f25ba16f5af {"status":"FINALIZED","config":{"rewrites":[{"glob":"**","path":"/index.html"}]}}
[debug] [2023-11-07T10:49:02.906Z] <<< [apiv2][status] PATCH https://firebasehosting.googleapis.com/v1beta1/projects/-/sites/gabmeiutangtrack/versions/08d32f25ba16f5af 200
[debug] [2023-11-07T10:49:02.907Z] <<< [apiv2][body] PATCH https://firebasehosting.googleapis.com/v1beta1/projects/-/sites/gabmeiutangtrack/versions/08d32f25ba16f5af {"name":"projects/281228300923/sites/gabmeiutangtrack/versions/08d32f25ba16f5af","status":"FINALIZED","config":{"rewrites":[{"glob":"**","path":"/index.html"}]},"labels":{"deployment-tool":"cli-firebase"},"createTime":"2023-11-07T10:48:58.737040Z","createUser":{"email":"gcamba08@gmail.com"},"finalizeTime":"2023-11-07T10:49:02.723684Z","finalizeUser":{"email":"gcamba08@gmail.com"}}
[debug] [2023-11-07T10:49:02.907Z] [hosting] finalized version for gabmeiutangtrack:[object Object]
[info] ✔  hosting[gabmeiutangtrack]: version finalized 
[info] i  hosting[gabmeiutangtrack]: releasing new version... 
[debug] [2023-11-07T10:49:02.907Z] >>> [apiv2][query] POST https://firebasehosting.googleapis.com/v1beta1/projects/-/sites/gabmeiutangtrack/channels/live/releases versionName=projects%2F281228300923%2Fsites%2Fgabmeiutangtrack%2Fversions%2F08d32f25ba16f5af
[debug] [2023-11-07T10:49:02.907Z] >>> [apiv2][body] POST https://firebasehosting.googleapis.com/v1beta1/projects/-/sites/gabmeiutangtrack/channels/live/releases {}
[debug] [2023-11-07T10:49:03.812Z] <<< [apiv2][status] POST https://firebasehosting.googleapis.com/v1beta1/projects/-/sites/gabmeiutangtrack/channels/live/releases 200
[debug] [2023-11-07T10:49:03.813Z] <<< [apiv2][body] POST https://firebasehosting.googleapis.com/v1beta1/projects/-/sites/gabmeiutangtrack/channels/live/releases {"name":"projects/281228300923/sites/gabmeiutangtrack/channels/live/releases/1699354143055000","version":{"name":"projects/281228300923/sites/gabmeiutangtrack/versions/08d32f25ba16f5af","status":"FINALIZED","config":{"rewrites":[{"glob":"**","path":"/index.html"}]},"labels":{"deployment-tool":"cli-firebase"},"createTime":"2023-11-07T10:48:58.737040Z","createUser":{"email":"gcamba08@gmail.com","imageUrl":"https://lh3.googleusercontent.com/a/ACg8ocLc8btCPco37APZ8X28-ww3KL_QO5HVf0bS3-FDE2EiXTVe"},"finalizeTime":"2023-11-07T10:49:02.723684Z","finalizeUser":{"email":"gcamba08@gmail.com","imageUrl":"https://lh3.googleusercontent.com/a/ACg8ocLc8btCPco37APZ8X28-ww3KL_QO5HVf0bS3-FDE2EiXTVe"}},"type":"DEPLOY","releaseTime":"2023-11-07T10:49:03.055Z","releaseUser":{"email":"gcamba08@gmail.com","imageUrl":"https://lh3.googleusercontent.com/a/ACg8ocLc8btCPco37APZ8X28-ww3KL_QO5HVf0bS3-FDE2EiXTVe"}}
[debug] [2023-11-07T10:49:03.813Z] [hosting] release: {"name":"projects/281228300923/sites/gabmeiutangtrack/channels/live/releases/1699354143055000","version":{"name":"projects/281228300923/sites/gabmeiutangtrack/versions/08d32f25ba16f5af","status":"FINALIZED","config":{"rewrites":[{"glob":"**","path":"/index.html"}]},"labels":{"deployment-tool":"cli-firebase"},"createTime":"2023-11-07T10:48:58.737040Z","createUser":{"email":"gcamba08@gmail.com","imageUrl":"https://lh3.googleusercontent.com/a/ACg8ocLc8btCPco37APZ8X28-ww3KL_QO5HVf0bS3-FDE2EiXTVe"},"finalizeTime":"2023-11-07T10:49:02.723684Z","finalizeUser":{"email":"gcamba08@gmail.com","imageUrl":"https://lh3.googleusercontent.com/a/ACg8ocLc8btCPco37APZ8X28-ww3KL_QO5HVf0bS3-FDE2EiXTVe"}},"type":"DEPLOY","releaseTime":"2023-11-07T10:49:03.055Z","releaseUser":{"email":"gcamba08@gmail.com","imageUrl":"https://lh3.googleusercontent.com/a/ACg8ocLc8btCPco37APZ8X28-ww3KL_QO5HVf0bS3-FDE2EiXTVe"}}
[info] ✔  hosting[gabmeiutangtrack]: release complete 
[info] 
[info] ✔  Deploy complete! 
[info] 
[info] Project Console: https://console.firebase.google.com/project/gabmeiutangtrack/overview
[info] Hosting URL: https://gabmeiutangtrack.web.app
